<?xml version="1.0" encoding="UTF-8"?>
<!-- Generated by org.testng.reporters.JUnitReportReporter -->
<testsuite hostname="LAPTOP-869F5CUM" failures="0" tests="1" name="cucumberoptions.Testngrunnerclass" time="12.031" errors="0" timestamp="2025-06-09T20:53:31 IST" skipped="0">
  <testcase classname="cucumberoptions.Testngrunnerclass" name="runScenario" time="12.031"/>
</testsuite> <!-- cucumberoptions.Testngrunnerclass -->
